  #	InLen(bits)	 ~bits	           ~bits
  1	       8	     253	
  2	       8	     254	
  3	       8	     255	
  4	       8	     253	
  5	       8	     257	
  6	       8	     259	
  7	       8	     243	
  8	       8	     254	
  9	       8	     260	
 10	       8	     249	
 11	       8	     251	
 12	       8	     261	
 13	       8	     240	
 14	       8	     231	
 15	       8	     259	
 16	       8	     243	
 17	       8	     254	
 18	       8	     241	
 19	       8	     246	
 20	       8	     259	
 21	       8	     258	
 22	       8	     267	
 23	       8	     252	
 24	       8	     225	
 25	       8	     266	
 26	       8	     239	
 27	       8	     240	
 28	       8	     244	
 29	       8	     257	
 30	       8	     254	
 31	       8	     249	
 32	       8	     273	
 33	       8	     222	
 34	       8	     276	
 35	       8	     264	
 36	       8	     246	
 37	       8	     255	
 38	       8	     266	
 39	       8	     266	
 40	       8	     234	
 41	       8	     254	
 42	       8	     263	
 43	       8	     274	
 44	       8	     251	
 45	       8	     270	
 46	       8	     260	
 47	       8	     265	
 48	       8	     272	
 49	       8	     258	
 50	       8	     256	
 51	       8	     251	
 52	       8	     247	
 53	       8	     267	
 54	       8	     248	
 55	       8	     282	
 56	       8	     260	
 57	      12	     244	
 58	      12	     259	
 59	      12	     285	
 60	      12	     260	
 61	      12	     275	
 62	      12	     255	
 63	      12	     277	
 64	      12	     249	
 65	      12	     239	
 66	      12	     264	
 67	      12	     234	
 68	      12	     248	
 69	      12	     267	
 70	      12	     274	
 71	      12	     276	
 72	      12	     232	
 73	      12	     262	
 74	      12	     257	
 75	      12	     266	
 76	      12	     274	
 77	      12	     274	
 78	      12	     268	
 79	      12	     248	
 80	      12	     268	
 81	      12	     264	
 82	      12	     253	
 83	      12	     275	
 84	      12	     263	
 85	      12	     246	
 86	      12	     260	
 87	      12	     257	
 88	      12	     246	
 89	      12	     234	
 90	      12	     241	
 91	      12	     252	
 92	      12	     255	
 93	      12	     255	
 94	      12	     254	
 95	      12	     262	
 96	      12	     262	
 97	      12	     243	
 98	      12	     248	
 99	      12	     256	
100	      12	     262	
101	      12	     264	
102	      12	     278	
103	      12	     268	
104	      12	     267	
105	      12	     267	
106	      12	     263	
107	      12	     243	
108	      12	     255	
109	      12	     246	
110	      12	     259	
111	      12	     239	
112	      12	     283	
113	      12	     272	
114	      12	     245	
115	      12	     268	
116	      12	     259	
117	      12	     267	
118	      12	     255	
119	      12	     258	
120	      12	     252	
121	      12	     260	
122	      12	     269	
123	      12	     282	
124	      12	     266	
125	      12	     260	
126	      12	     243	
127	      12	     257	
128	      12	     261	
129	      12	     257	
130	      12	     246	
131	      12	     268	
132	      12	     252	
133	      12	     264	
134	      12	     254	
135	      12	     238	
136	      12	     263	
137	      12	     264	
138	      12	     251	
139	      12	     248	
140	      12	     258	
141	      16	     244	
142	      16	     255	
143	      16	     254	
144	      16	     227	
145	      16	     272	
146	      16	     257	
147	      16	     243	
148	      16	     251	
149	      16	     258	
150	      16	     256	
151	      16	     253	
152	      16	     277	
153	      16	     244	
154	      16	     260	
155	      16	     265	
156	      16	     241	
157	      16	     259	
158	      16	     252	
159	      16	     249	
160	      16	     255	
161	      16	     281	
162	      16	     252	
163	      16	     261	
164	      16	     253	
165	      16	     258	
166	      16	     280	
167	      16	     265	
168	      16	     246	
169	      16	     274	
170	      16	     256	
171	      16	     261	
172	      16	     239	
173	      16	     244	
174	      16	     240	
175	      16	     250	
176	      16	     268	
177	      16	     268	
178	      16	     254	
179	      16	     254	
180	      16	     280	
181	      16	     241	
182	      16	     265	
183	      16	     227	
184	      16	     265	
185	      16	     257	
186	      16	     246	
187	      16	     264	
188	      16	     272	
189	      16	     240	
190	      16	     255	
191	      16	     261	
192	      16	     252	
193	      16	     243	
194	      16	     234	
195	      16	     267	
196	      16	     240	
197	      16	     248	
198	      16	     235	
199	      16	     269	
200	      16	     260	
201	      16	     283	
202	      16	     251	
203	      16	     262	
204	      16	     263	
205	      16	     252	
206	      16	     265	
207	      16	     233	
208	      16	     273	
209	      16	     252	
210	      16	     246	
211	      16	     256	
212	      16	     233	
213	      16	     261	
214	      16	     275	
215	      16	     254	
216	      16	     255	
217	      16	     277	
218	      16	     241	
219	      16	     238	
220	      16	     254	
221	      16	     260	
222	      16	     243	
223	      16	     244	
224	      16	     253	
225	      16	     270	
226	      16	     232	
227	      16	     253	
228	      16	     252	
229	      16	     263	
230	      16	     245	
231	      16	     252	
232	      16	     266	
233	      16	     249	
234	      16	     268	
235	      16	     263	
236	      16	     267	
237	      16	     248	
238	      16	     246	
239	      16	     273	
240	      20	     249	
241	      20	     267	
242	      20	     250	
243	      20	     270	
244	      20	     253	
245	      20	     264	
246	      20	     258	
247	      20	     282	
248	      20	     264	
249	      20	     261	
250	      20	     264	
251	      20	     256	
252	      20	     252	
253	      20	     276	
254	      20	     240	
255	      20	     246	
256	      20	     231	
257	      20	     244	
258	      20	     254	
259	      20	     239	
260	      20	     261	
261	      20	     244	
262	      20	     269	
263	      20	     269	
264	      20	     243	
265	      20	     269	
266	      20	     289	
267	      20	     265	
268	      20	     255	
269	      20	     266	
270	      20	     256	
271	      20	     262	
272	      20	     244	
273	      20	     269	
274	      20	     239	
275	      20	     240	
276	      20	     251	
277	      20	     237	
278	      20	     252	
279	      20	     265	
280	      20	     259	
281	      20	     251	
282	      20	     247	
283	      20	     292	
284	      20	     252	
285	      20	     249	
286	      20	     268	
287	      20	     275	
288	      20	     250	
289	      20	     251	
290	      20	     245	
291	      20	     255	
292	      20	     244	
293	      20	     248	
294	      20	     257	
295	      20	     288	
296	      20	     255	
297	      20	     256	
298	      20	     260	
299	      20	     257	
300	      20	     258	
301	      20	     252	
302	      20	     243	
303	      20	     246	
304	      20	     254	
305	      20	     264	
306	      20	     268	
307	      20	     250	
308	      20	     258	
309	      20	     281	
310	      20	     261	
311	      20	     264	
312	      20	     275	
313	      20	     265	
314	      20	     247	
315	      20	     250	
316	      20	     261	
317	      20	     255	
318	      20	     257	
319	      20	     234	
320	      20	     255	
321	      20	     256	
322	      20	     261	
323	      20	     264	
324	      20	     254	
325	      20	     266	
326	      20	     261	
327	      20	     258	
328	      20	     241	
329	      20	     254	
330	      20	     270	
331	      20	     259	
332	      20	     272	
333	      20	     255	
334	      20	     279	
335	      20	     250	
336	      20	     243	
337	      20	     268	
338	      20	     227	
339	      24	     231	
340	      24	     255	
341	      24	     264	
342	      24	     259	
343	      24	     259	
344	      24	     244	
345	      24	     258	
346	      24	     250	
347	      24	     263	
348	      24	     249	
349	      24	     265	
350	      24	     269	
351	      24	     248	
352	      24	     248	
353	      24	     245	
354	      24	     251	
355	      24	     257	
356	      24	     254	
357	      24	     245	
358	      24	     257	
359	      24	     252	
360	      24	     257	
361	      24	     242	
362	      24	     257	
363	      24	     261	
364	      24	     244	
365	      24	     251	
366	      24	     262	
367	      24	     267	
368	      24	     248	
369	      24	     268	
370	      24	     249	
371	      24	     250	
372	      24	     270	
373	      24	     238	
374	      24	     263	
375	      24	     264	
376	      24	     281	
377	      24	     233	
378	      24	     255	
379	      24	     258	
380	      24	     270	
381	      24	     264	
382	      24	     263	
383	      24	     236	
384	      24	     248	
385	      24	     251	
386	      24	     260	
387	      24	     273	
388	      24	     268	
389	      24	     269	
390	      24	     255	
391	      24	     258	
392	      24	     258	
393	      24	     254	
394	      24	     243	
395	      24	     243	
396	      24	     244	
397	      24	     251	
398	      24	     251	
399	      24	     245	
400	      24	     244	
401	      24	     250	
402	      24	     262	
403	      24	     267	
404	      24	     251	
405	      24	     261	
406	      24	     277	
407	      24	     248	
408	      24	     268	
409	      24	     251	
410	      24	     255	
411	      24	     258	
412	      24	     273	
413	      24	     238	
414	      24	     253	
415	      24	     252	
416	      24	     258	
417	      24	     255	
418	      24	     249	
419	      24	     251	
420	      24	     263	
421	      24	     237	
422	      24	     250	
423	      24	     266	
424	      24	     241	
425	      24	     249	
426	      24	     259	
427	      24	     261	
428	      24	     271	
429	      24	     266	
430	      24	     264	
431	      24	     286	
432	      24	     271	
433	      24	     262	
434	      24	     266	
435	      24	     254	
436	      24	     266	
437	      24	     247	
438	      28	     271	
439	      28	     265	
440	      28	     240	
441	      28	     232	
442	      28	     248	
443	      28	     268	
444	      28	     232	
445	      28	     258	
446	      28	     252	
447	      28	     275	
448	      28	     253	
449	      28	     249	
450	      28	     279	
451	      28	     268	
452	      28	     266	
453	      28	     246	
454	      28	     289	
455	      28	     250	
456	      28	     246	
457	      28	     277	
458	      28	     245	
459	      28	     253	
460	      28	     248	
461	      28	     256	
462	      28	     248	
463	      28	     249	
464	      28	     245	
465	      28	     270	
466	      28	     263	
467	      28	     271	
468	      28	     235	
469	      28	     262	
470	      28	     246	
471	      28	     261	
472	      28	     270	
473	      28	     263	
474	      28	     243	
475	      28	     246	
476	      28	     250	
477	      28	     256	
478	      28	     252	
479	      28	     262	
480	      28	     266	
481	      28	     251	
482	      28	     249	
483	      28	     265	
484	      28	     292	
485	      28	     256	
486	      28	     270	
487	      28	     237	
488	      28	     264	
489	      28	     245	
490	      28	     266	
491	      28	     254	
492	      28	     250	
493	      28	     267	
494	      28	     267	
495	      28	     261	
496	      28	     276	
497	      28	     254	
498	      28	     262	
499	      28	     263	
500	      28	     243	
501	      28	     260	
502	      28	     260	
503	      28	     255	
504	      28	     246	
505	      28	     284	
506	      28	     241	
507	      28	     241	
508	      28	     271	
509	      28	     256	
510	      28	     256	
511	      28	     255	
512	      28	     262	
513	      28	     273	
514	      28	     244	
515	      28	     251	
516	      28	     262	
517	      28	     256	
518	      28	     262	
519	      28	     271	
520	      28	     246	
521	      28	     272	
522	      28	     247	
523	      28	     255	
524	      28	     244	
525	      28	     244	
526	      28	     245	
527	      28	     261	
528	      28	     242	
529	      28	     263	
530	      28	     270	
531	      28	     256	
532	      28	     241	
533	      28	     280	
534	      28	     256	
535	      28	     254	
536	      28	     266	
537	      32	     241	
538	      32	     258	
539	      32	     243	
540	      32	     240	
541	      32	     255	
542	      32	     239	
543	      32	     253	
544	      32	     251	
545	      32	     261	
546	      32	     257	
547	      32	     270	
548	      32	     251	
549	      32	     270	
550	      32	     245	
551	      32	     254	
552	      32	     251	
553	      32	     258	
554	      32	     252	
555	      32	     248	
556	      32	     258	
557	      32	     261	
558	      32	     269	
559	      32	     256	
560	      32	     265	
561	      32	     246	
562	      32	     259	
563	      32	     252	
564	      32	     265	
565	      32	     252	
566	      32	     262	
567	      32	     243	
568	      32	     258	
569	      32	     249	
570	      32	     255	
571	      32	     258	
572	      32	     273	
573	      32	     278	
574	      32	     267	
575	      32	     260	
576	      32	     271	
577	      32	     251	
578	      32	     255	
579	      32	     283	
580	      32	     275	
581	      32	     248	
582	      32	     237	
583	      32	     266	
584	      32	     226	
585	      32	     255	
586	      32	     254	
587	      32	     262	
588	      32	     254	
589	      32	     264	
590	      32	     247	
591	      32	     240	
592	      32	     254	
593	      32	     248	
594	      32	     246	
595	      32	     275	
596	      32	     276	
597	      32	     247	
598	      32	     262	
599	      32	     263	
600	      32	     247	
601	      32	     263	
602	      32	     282	
603	      32	     256	
604	      32	     257	
605	      32	     242	
606	      32	     241	
607	      32	     237	
608	      32	     245	
609	      32	     272	
610	      32	     280	
611	      32	     264	
612	      32	     249	
613	      32	     262	
614	      32	     269	
615	      32	     268	
616	      32	     254	
617	      32	     256	
618	      32	     246	
619	      32	     244	
620	      32	     253	
621	      32	     260	
622	      32	     242	
623	      32	     268	
624	      32	     256	
625	      32	     268	
626	      32	     250	
627	      32	     243	
628	      32	     252	
629	      32	     259	
630	      32	     242	
631	      32	     243	
632	      32	     258	
633	      32	     248	
634	      32	     269	
635	      32	     261	
636	      36	     254	
637	      36	     278	
638	      36	     242	
639	      36	     233	
640	      36	     242	
641	      36	     258	
642	      36	     251	
643	      36	     208	
644	      36	     259	
645	      36	     264	
646	      36	     246	
647	      36	     255	
648	      36	     235	
649	      36	     261	
650	      36	     273	
651	      36	     258	
652	      36	     244	
653	      36	     261	
654	      36	     257	
655	      36	     234	
656	      36	     256	
657	      36	     257	
658	      36	     256	
659	      36	     257	
660	      36	     249	
661	      36	     257	
662	      36	     261	
663	      36	     275	
664	      36	     259	
665	      36	     262	
666	      36	     240	
667	      36	     257	
668	      36	     269	
669	      36	     254	
670	      36	     273	
671	      36	     279	
672	      36	     282	
673	      36	     254	
674	      36	     280	
675	      36	     248	
676	      36	     239	
677	      36	     257	
678	      36	     251	
679	      36	     250	
680	      36	     269	
681	      36	     256	
682	      36	     273	
683	      36	     251	
684	      36	     249	
685	      36	     266	
686	      36	     257	
687	      36	     250	
688	      36	     261	
689	      36	     259	
690	      36	     273	
691	      36	     264	
692	      36	     238	
693	      36	     238	
694	      36	     252	
695	      36	     237	
696	      36	     252	
697	      36	     237	
698	      36	     266	
699	      36	     246	
700	      36	     234	
701	      36	     269	
702	      36	     268	
703	      36	     249	
704	      36	     251	
705	      36	     236	
706	      36	     243	
707	      36	     243	
708	      36	     278	
709	      36	     260	
710	      36	     260	
711	      36	     258	
712	      36	     282	
713	      36	     258	
714	      36	     267	
715	      36	     253	
716	      36	     277	
717	      36	     283	
718	      36	     267	
719	      36	     249	
720	      36	     245	
721	      36	     271	
722	      36	     269	
723	      36	     240	
724	      36	     251	
725	      36	     263	
726	      36	     250	
727	      36	     266	
728	      36	     265	
729	      36	     247	
730	      36	     266	
731	      36	     242	
732	      36	     245	
733	      36	     287	
734	      36	     247	
735	      40	     258	
736	      40	     259	
737	      40	     262	
738	      40	     262	
739	      40	     258	
740	      40	     254	
741	      40	     275	
742	      40	     258	
743	      40	     250	
744	      40	     239	
745	      40	     250	
746	      40	     262	
747	      40	     257	
748	      40	     252	
749	      40	     260	
750	      40	     251	
751	      40	     254	
752	      40	     272	
753	      40	     257	
754	      40	     260	
755	      40	     226	
756	      40	     261	
757	      40	     264	
758	      40	     236	
759	      40	     255	
760	      40	     267	
761	      40	     264	
762	      40	     255	
763	      40	     255	
764	      40	     258	
765	      40	     234	
766	      40	     259	
767	      40	     261	
768	      40	     243	
769	      40	     268	
770	      40	     252	
771	      40	     248	
772	      40	     249	
773	      40	     266	
774	      40	     263	
775	      40	     234	
776	      40	     263	
777	      40	     246	
778	      40	     255	
779	      40	     248	
780	      40	     252	
781	      40	     247	
782	      40	     270	
783	      40	     265	
784	      40	     257	
785	      40	     262	
786	      40	     240	
787	      40	     249	
788	      40	     266	
789	      40	     265	
790	      40	     264	
791	      40	     249	
792	      40	     266	
793	      40	     261	
794	      40	     252	
795	      40	     244	
796	      40	     244	
797	      40	     246	
798	      40	     259	
799	      40	     258	
800	      40	     273	
801	      40	     263	
802	      40	     254	
803	      40	     257	
804	      40	     249	
805	      40	     260	
806	      40	     262	
807	      40	     259	
808	      40	     245	
809	      40	     268	
810	      40	     246	
811	      40	     247	
812	      40	     250	
813	      40	     251	
814	      40	     245	
815	      40	     262	
816	      40	     245	
817	      40	     256	
818	      40	     237	
819	      40	     254	
820	      40	     250	
821	      40	     268	
822	      40	     252	
823	      40	     259	
824	      40	     244	
825	      40	     260	
826	      40	     266	
827	      40	     252	
828	      40	     268	
829	      40	     248	
830	      40	     244	
831	      40	     256	
832	      40	     238	
833	      40	     252	
834	      44	     265	
835	      44	     254	
836	      44	     257	
837	      44	     248	
838	      44	     260	
839	      44	     248	
840	      44	     259	
841	      44	     252	
842	      44	     264	
843	      44	     250	
844	      44	     253	
845	      44	     246	
846	      44	     260	
847	      44	     242	
848	      44	     242	
849	      44	     252	
850	      44	     263	
851	      44	     261	
852	      44	     251	
853	      44	     268	
854	      44	     246	
855	      44	     262	
856	      44	     268	
857	      44	     236	
858	      44	     248	
859	      44	     260	
860	      44	     274	
861	      44	     268	
862	      44	     258	
863	      44	     254	
864	      44	     242	
865	      44	     244	
866	      44	     262	
867	      44	     265	
868	      44	     253	
869	      44	     255	
870	      44	     245	
871	      44	     256	
872	      44	     246	
873	      44	     264	
874	      44	     260	
875	      44	     259	
876	      44	     240	
877	      44	     265	
878	      44	     290	
879	      44	     235	
880	      44	     255	
881	      44	     240	
882	      44	     275	
883	      44	     244	
884	      44	     258	
885	      44	     241	
886	      44	     262	
887	      44	     247	
888	      44	     249	
889	      44	     256	
890	      44	     236	
891	      44	     256	
892	      44	     259	
893	      44	     242	
894	      44	     268	
895	      44	     255	
896	      44	     253	
897	      44	     258	
898	      44	     250	
899	      44	     258	
900	      44	     260	
901	      44	     259	
902	      44	     252	
903	      44	     251	
904	      44	     250	
905	      44	     260	
906	      44	     254	
907	      44	     280	
908	      44	     258	
909	      44	     259	
910	      44	     238	
911	      44	     250	
912	      44	     257	
913	      44	     238	
914	      44	     256	
915	      44	     257	
916	      44	     246	
917	      44	     268	
918	      44	     244	
919	      44	     254	
920	      44	     257	
921	      44	     237	
922	      44	     246	
923	      44	     263	
924	      44	     258	
925	      44	     262	
926	      44	     278	
927	      44	     256	
928	      44	     262	
929	      44	     263	
930	      44	     255	
931	      44	     277	
932	      44	     270	
933	      48	     256	
934	      48	     261	
935	      48	     254	
936	      48	     260	
937	      48	     239	
938	      48	     249	
939	      48	     288	
940	      48	     267	
941	      48	     238	
942	      48	     252	
943	      48	     254	
944	      48	     246	
945	      48	     277	
946	      48	     268	
947	      48	     261	
948	      48	     247	
949	      48	     247	
950	      48	     267	
951	      48	     273	
952	      48	     256	
953	      48	     264	
954	      48	     264	
955	      48	     251	
956	      48	     252	
957	      48	     249	
958	      48	     256	
959	      48	     260	
960	      48	     254	
961	      48	     242	
962	      48	     261	
963	      48	     269	
964	      48	     249	
965	      48	     249	
966	      48	     259	
967	      48	     260	
968	      48	     254	
969	      48	     256	
970	      48	     248	
971	      48	     259	
972	      48	     256	
973	      48	     262	
974	      48	     264	
975	      48	     256	
976	      48	     257	
977	      48	     264	
978	      48	     257	
979	      48	     245	
980	      48	     242	
981	      48	     252	
982	      48	     266	
983	      48	     264	
984	      48	     246	
985	      48	     256	
986	      48	     252	
987	      48	     255	
988	      48	     277	
989	      48	     230	
990	      48	     263	
991	      48	     262	
992	      48	     263	
993	      48	     269	
994	      48	     262	
995	      48	     253	
996	      48	     267	
997	      48	     246	
998	      48	     233	
999	      48	     261	
1000	      48	     255	
1001	      48	     246	
1002	      48	     236	
1003	      48	     266	
1004	      48	     255	
1005	      48	     260	
1006	      48	     290	
1007	      48	     237	
1008	      48	     242	
1009	      48	     264	
1010	      48	     252	
1011	      48	     259	
1012	      48	     263	
1013	      48	     234	
1014	      48	     241	
1015	      48	     255	
1016	      48	     276	
1017	      48	     268	
1018	      48	     245	
1019	      48	     247	
1020	      48	     247	
1021	      48	     242	
1022	      48	     260	
1023	      48	     253	
1024	      48	     280	
1025	      48	     260	
1026	      48	     256	
1027	      48	     261	
1028	      48	     262	
1029	      48	     265	
1030	      48	     262	
1031	      48	     267	
1032	      52	     238	
1033	      52	     256	
1034	      52	     257	
1035	      52	     258	
1036	      52	     258	
1037	      52	     252	
1038	      52	     261	
1039	      52	     245	
1040	      52	     254	
1041	      52	     256	
1042	      52	     256	
1043	      52	     253	
1044	      52	     257	
1045	      52	     254	
1046	      52	     225	
1047	      52	     229	
1048	      52	     241	
1049	      52	     261	
1050	      52	     278	
1051	      52	     267	
1052	      52	     267	
1053	      52	     266	
1054	      52	     268	
1055	      52	     256	
1056	      52	     253	
1057	      52	     244	
1058	      52	     255	
1059	      52	     264	
1060	      52	     248	
1061	      52	     271	
1062	      52	     245	
1063	      52	     246	
1064	      52	     248	
1065	      52	     250	
1066	      52	     252	
1067	      52	     278	
1068	      52	     246	
1069	      52	     252	
1070	      52	     270	
1071	      52	     251	
1072	      52	     255	
1073	      52	     248	
1074	      52	     247	
1075	      52	     264	
1076	      52	     239	
1077	      52	     269	
1078	      52	     259	
1079	      52	     267	
1080	      52	     259	
1081	      52	     264	
1082	      52	     255	
1083	      52	     260	
1084	      52	     250	
1085	      52	     269	
1086	      52	     249	
1087	      52	     244	
1088	      52	     260	
1089	      52	     251	
1090	      52	     263	
1091	      52	     256	
1092	      52	     262	
1093	      52	     234	
1094	      52	     255	
1095	      52	     262	
1096	      52	     242	
1097	      52	     251	
1098	      52	     262	
1099	      52	     286	
1100	      52	     249	
1101	      52	     278	
1102	      52	     252	
1103	      52	     272	
1104	      52	     268	
1105	      52	     266	
1106	      52	     262	
1107	      52	     262	
1108	      52	     240	
1109	      52	     248	
1110	      52	     250	
1111	      52	     253	
1112	      52	     267	
1113	      52	     242	
1114	      52	     257	
1115	      52	     252	
1116	      52	     245	
1117	      52	     268	
1118	      52	     274	
1119	      52	     238	
1120	      52	     263	
1121	      52	     242	
1122	      52	     242	
1123	      52	     253	
1124	      52	     274	
1125	      52	     254	
1126	      52	     224	
1127	      52	     265	
1128	      52	     236	
1129	      52	     264	
1130	      52	     270	
1131	      56	     259	
1132	      56	     241	
1133	      56	     245	
1134	      56	     260	
1135	      56	     246	
1136	      56	     233	
1137	      56	     277	
1138	      56	     274	
1139	      56	     250	
1140	      56	     262	
1141	      56	     255	
1142	      56	     256	
1143	      56	     251	
1144	      56	     272	
1145	      56	     274	
1146	      56	     242	
1147	      56	     258	
1148	      56	     258	
1149	      56	     258	
1150	      56	     254	
1151	      56	     270	
1152	      56	     262	
1153	      56	     262	
1154	      56	     255	
1155	      56	     255	
1156	      56	     262	
1157	      56	     250	
1158	      56	     264	
1159	      56	     265	
1160	      56	     255	
1161	      56	     262	
1162	      56	     247	
1163	      56	     265	
1164	      56	     255	
1165	      56	     268	
1166	      56	     271	
1167	      56	     239	
1168	      56	     251	
1169	      56	     237	
1170	      56	     254	
1171	      56	     240	
1172	      56	     258	
1173	      56	     241	
1174	      56	     259	
1175	      56	     261	
1176	      56	     264	
1177	      56	     263	
1178	      56	     262	
1179	      56	     255	
1180	      56	     285	
1181	      56	     248	
1182	      56	     267	
1183	      56	     243	
1184	      56	     257	
1185	      56	     273	
1186	      56	     267	
1187	      56	     260	
1188	      56	     234	
1189	      56	     253	
1190	      56	     246	
1191	      56	     228	
1192	      56	     275	
1193	      56	     274	
1194	      56	     256	
1195	      56	     259	
1196	      56	     258	
1197	      56	     244	
1198	      56	     252	
1199	      56	     267	
1200	      56	     276	
1201	      56	     278	
1202	      56	     265	
1203	      56	     260	
1204	      56	     231	
1205	      56	     264	
1206	      56	     253	
1207	      56	     276	
1208	      56	     247	
1209	      56	     276	
1210	      56	     248	
1211	      56	     246	
1212	      56	     251	
1213	      56	     249	
1214	      56	     263	
1215	      56	     258	
1216	      56	     248	
1217	      56	     236	
1218	      56	     260	
1219	      56	     240	
1220	      56	     249	
1221	      56	     234	
1222	      56	     265	
1223	      56	     267	
1224	      56	     256	
1225	      56	     256	
1226	      56	     258	
1227	      56	     258	
1228	      56	     255	
1229	      56	     240	
1230	      60	     264	
1231	      60	     260	
1232	      60	     258	
1233	      60	     255	
1234	      60	     250	
1235	      60	     276	
1236	      60	     274	
1237	      60	     243	
1238	      60	     249	
1239	      60	     246	
1240	      60	     254	
1241	      60	     241	
1242	      60	     269	
1243	      60	     249	
1244	      60	     257	
1245	      60	     275	
1246	      60	     239	
1247	      60	     251	
1248	      60	     252	
1249	      60	     250	
1250	      60	     252	
1251	      60	     253	
1252	      60	     257	
1253	      60	     248	
1254	      60	     270	
1255	      60	     256	
1256	      60	     266	
1257	      60	     260	
1258	      60	     255	
1259	      60	     227	
1260	      60	     271	
1261	      60	     270	
1262	      60	     244	
1263	      60	     243	
1264	      60	     255	
1265	      60	     251	
1266	      60	     266	
1267	      60	     257	
1268	      60	     261	
1269	      60	     247	
1270	      60	     232	
1271	      60	     231	
1272	      60	     261	
1273	      60	     283	
1274	      60	     262	
1275	      60	     244	
1276	      60	     270	
1277	      60	     250	
1278	      60	     247	
1279	      60	     277	
1280	      60	     261	
1281	      60	     254	
1282	      60	     261	
1283	      60	     259	
1284	      60	     259	
1285	      60	     277	
1286	      60	     252	
1287	      60	     255	
1288	      60	     268	
1289	      60	     268	
1290	      60	     257	
1291	      60	     250	
1292	      60	     237	
1293	      60	     270	
1294	      60	     251	
1295	      60	     248	
1296	      60	     267	
1297	      60	     253	
1298	      60	     249	
1299	      60	     259	
1300	      60	     257	
1301	      60	     255	
1302	      60	     247	
1303	      60	     250	
1304	      60	     244	
1305	      60	     264	
1306	      60	     264	
1307	      60	     244	
1308	      60	     235	
1309	      60	     265	
1310	      60	     272	
1311	      60	     256	
1312	      60	     263	
1313	      60	     262	
1314	      60	     260	
1315	      60	     244	
1316	      60	     255	
1317	      60	     264	
1318	      60	     243	
1319	      60	     252	
1320	      60	     277	
1321	      60	     233	
1322	      60	     255	
1323	      60	     241	
1324	      60	     240	
1325	      60	     251	
1326	      60	     270	
1327	      60	     248	
1328	      60	     269	
1329	      64	     263	
1330	      64	     259	
1331	      64	     259	
1332	      64	     252	
1333	      64	     248	
1334	      64	     257	
1335	      64	     249	
1336	      64	     241	
1337	      64	     258	
1338	      64	     245	
1339	      64	     262	
1340	      64	     255	
1341	      64	     248	
1342	      64	     257	
1343	      64	     254	
1344	      64	     246	
1345	      64	     261	
1346	      64	     248	
1347	      64	     234	
1348	      64	     273	
1349	      64	     256	
1350	      64	     251	
1351	      64	     251	
1352	      64	     262	
1353	      64	     257	
1354	      64	     255	
1355	      64	     262	
1356	      64	     256	
1357	      64	     245	
1358	      64	     263	
1359	      64	     249	
1360	      64	     252	
1361	      64	     263	
1362	      64	     243	
1363	      64	     237	
1364	      64	     268	
1365	      64	     272	
1366	      64	     259	
1367	      64	     275	
1368	      64	     270	
1369	      64	     273	
1370	      64	     252	
1371	      64	     246	
1372	      64	     237	
1373	      64	     259	
1374	      64	     267	
1375	      64	     272	
1376	      64	     249	
1377	      64	     234	
1378	      64	     270	
1379	      64	     254	
1380	      64	     246	
1381	      64	     233	
1382	      64	     239	
1383	      64	     239	
1384	      64	     261	
1385	      64	     254	
1386	      64	     239	
1387	      64	     251	
1388	      64	     264	
1389	      64	     271	
1390	      64	     238	
1391	      64	     255	
1392	      64	     254	
1393	      64	     265	
1394	      64	     253	
1395	      64	     245	
1396	      64	     257	
1397	      64	     266	
1398	      64	     251	
1399	      64	     257	
1400	      64	     263	
1401	      64	     238	
1402	      64	     259	
1403	      64	     265	
1404	      64	     246	
1405	      64	     260	
1406	      64	     245	
1407	      64	     273	
1408	      64	     260	
1409	      64	     257	
1410	      64	     259	
1411	      64	     245	
1412	      64	     247	
1413	      64	     245	
1414	      64	     267	
1415	      64	     233	
1416	      64	     260	
1417	      64	     253	
1418	      64	     270	
1419	      64	     265	
1420	      64	     241	
1421	      64	     281	
1422	      64	     245	
1423	      64	     250	
1424	      64	     267	
1425	      64	     249	
1426	      64	     243	
1427	      64	     254	
1428	      68	     258	
1429	      68	     271	
1430	      68	     254	
1431	      68	     246	
1432	      68	     240	
1433	      68	     251	
1434	      68	     260	
1435	      68	     242	
1436	      68	     256	
1437	      68	     256	
1438	      68	     269	
1439	      68	     250	
1440	      68	     261	
1441	      68	     255	
1442	      68	     262	
1443	      68	     239	
1444	      68	     256	
1445	      68	     264	
1446	      68	     226	
1447	      68	     258	
1448	      68	     233	
1449	      68	     265	
1450	      68	     269	
1451	      68	     256	
1452	      68	     241	
1453	      68	     244	
1454	      68	     255	
1455	      68	     237	
1456	      68	     264	
1457	      68	     253	
1458	      68	     259	
1459	      68	     280	
1460	      68	     257	
1461	      68	     255	
1462	      68	     261	
1463	      68	     256	
1464	      68	     248	
1465	      68	     260	
1466	      68	     242	
1467	      68	     260	
1468	      68	     247	
1469	      68	     276	
1470	      68	     257	
1471	      68	     256	
1472	      68	     242	
1473	      68	     240	
1474	      68	     252	
1475	      68	     262	
1476	      68	     269	
1477	      68	     254	
1478	      68	     260	
1479	      68	     235	
1480	      68	     267	
1481	      68	     229	
1482	      68	     249	
1483	      68	     252	
1484	      68	     267	
1485	      68	     266	
1486	      68	     267	
1487	      68	     256	
1488	      68	     255	
1489	      68	     238	
1490	      68	     248	
1491	      68	     275	
1492	      68	     243	
1493	      68	     258	
1494	      68	     254	
1495	      68	     240	
1496	      68	     249	
1497	      68	     245	
1498	      68	     271	
1499	      68	     258	
1500	      68	     267	
1501	      68	     268	
1502	      68	     274	
1503	      68	     242	
1504	      68	     244	
1505	      68	     238	
1506	      68	     259	
1507	      68	     257	
1508	      68	     260	
1509	      68	     252	
1510	      68	     261	
1511	      68	     270	
1512	      68	     240	
1513	      68	     238	
1514	      68	     262	
1515	      68	     235	
1516	      68	     250	
1517	      68	     249	
1518	      68	     235	
1519	      68	     255	
1520	      68	     258	
1521	      68	     256	
1522	      68	     272	
1523	      68	     254	
1524	      68	     288	
1525	      68	     240	
1526	      68	     252	
1527	      72	     255	
1528	      72	     252	
1529	      72	     263	
1530	      72	     242	
1531	      72	     249	
1532	      72	     243	
1533	      72	     262	
1534	      72	     241	
1535	      72	     257	
1536	      72	     263	
1537	      72	     270	
1538	      72	     247	
1539	      72	     257	
1540	      72	     255	
1541	      72	     256	
1542	      72	     261	
1543	      72	     271	
1544	      72	     270	
1545	      72	     255	
1546	      72	     276	
1547	      72	     289	
1548	      72	     258	
1549	      72	     243	
1550	      72	     265	
1551	      72	     256	
1552	      72	     266	
1553	      72	     241	
1554	      72	     237	
1555	      72	     236	
1556	      72	     246	
1557	      72	     260	
1558	      72	     252	
1559	      72	     262	
1560	      72	     280	
1561	      72	     275	
1562	      72	     240	
1563	      72	     256	
1564	      72	     283	
1565	      72	     242	
1566	      72	     236	
1567	      72	     244	
1568	      72	     244	
1569	      72	     269	
1570	      72	     264	
1571	      72	     247	
1572	      72	     265	
1573	      72	     271	
1574	      72	     230	
1575	      72	     257	
1576	      72	     273	
1577	      72	     243	
1578	      72	     253	
1579	      72	     246	
1580	      72	     248	
1581	      72	     242	
1582	      72	     250	
1583	      72	     273	
1584	      72	     265	
1585	      72	     255	
1586	      72	     259	
1587	      72	     269	
1588	      72	     254	
1589	      72	     260	
1590	      72	     276	
1591	      72	     270	
1592	      72	     265	
1593	      72	     257	
1594	      72	     260	
1595	      72	     255	
1596	      72	     251	
1597	      72	     270	
1598	      72	     279	
1599	      72	     258	
1600	      72	     232	
1601	      72	     243	
1602	      72	     255	
1603	      72	     245	
1604	      72	     259	
1605	      72	     250	
1606	      72	     267	
1607	      72	     275	
1608	      72	     265	
1609	      72	     250	
1610	      72	     257	
1611	      72	     252	
1612	      72	     269	
1613	      72	     243	
1614	      72	     257	
1615	      72	     246	
1616	      72	     257	
1617	      72	     232	
1618	      72	     248	
1619	      72	     257	
1620	      72	     248	
1621	      72	     261	
1622	      72	     257	
1623	      72	     255	
1624	      72	     275	
1625	      72	     265	
1626	      76	     252	
1627	      76	     270	
1628	      76	     266	
1629	      76	     256	
1630	      76	     250	
1631	      76	     244	
1632	      76	     249	
1633	      76	     248	
1634	      76	     230	
1635	      76	     236	
1636	      76	     254	
1637	      76	     262	
1638	      76	     246	
1639	      76	     267	
1640	      76	     258	
1641	      76	     266	
1642	      76	     235	
1643	      76	     252	
1644	      76	     257	
1645	      76	     227	
1646	      76	     252	
1647	      76	     264	
1648	      76	     265	
1649	      76	     248	
1650	      76	     245	
1651	      76	     253	
1652	      76	     232	
1653	      76	     266	
1654	      76	     252	
1655	      76	     266	
1656	      76	     239	
1657	      76	     231	
1658	      76	     252	
1659	      76	     248	
1660	      76	     255	
1661	      76	     259	
1662	      76	     240	
1663	      76	     256	
1664	      76	     257	
1665	      76	     264	
1666	      76	     231	
1667	      76	     250	
1668	      76	     250	
1669	      76	     254	
1670	      76	     248	
1671	      76	     270	
1672	      76	     242	
1673	      76	     270	
1674	      76	     261	
1675	      76	     252	
1676	      76	     271	
1677	      76	     244	
1678	      76	     252	
1679	      76	     244	
1680	      76	     255	
1681	      76	     238	
1682	      76	     236	
1683	      76	     251	
1684	      76	     266	
1685	      76	     262	
1686	      76	     257	
1687	      76	     257	
1688	      76	     254	
1689	      76	     263	
1690	      76	     242	
1691	      76	     259	
1692	      76	     246	
1693	      76	     275	
1694	      76	     242	
1695	      76	     246	
1696	      76	     264	
1697	      76	     247	
1698	      76	     266	
1699	      76	     259	
1700	      76	     262	
1701	      76	     247	
1702	      76	     250	
1703	      76	     279	
1704	      76	     281	
1705	      76	     233	
1706	      76	     250	
1707	      76	     268	
1708	      76	     245	
1709	      76	     275	
1710	      76	     256	
1711	      76	     249	
1712	      76	     248	
1713	      76	     248	
1714	      76	     275	
1715	      76	     267	
1716	      76	     244	
1717	      76	     258	
1718	      76	     267	
1719	      76	     264	
1720	      76	     270	
1721	      76	     277	
1722	      76	     236	
1723	      76	     260	
1724	      76	     239	
1725	      80	     247	
1726	      80	     271	
1727	      80	     264	
1728	      80	     265	
1729	      80	     264	
1730	      80	     267	
1731	      80	     272	
1732	      80	     259	
1733	      80	     229	
1734	      80	     238	
1735	      80	     255	
1736	      80	     261	
1737	      80	     233	
1738	      80	     256	
1739	      80	     252	
1740	      80	     241	
1741	      80	     281	
1742	      80	     245	
1743	      80	     261	
1744	      80	     257	
1745	      80	     246	
1746	      80	     264	
1747	      80	     253	
1748	      80	     257	
1749	      80	     254	
1750	      80	     254	
1751	      80	     268	
1752	      80	     237	
1753	      80	     259	
1754	      80	     253	
1755	      80	     268	
1756	      80	     260	
1757	      80	     262	
1758	      80	     261	
1759	      80	     239	
1760	      80	     257	
1761	      80	     253	
1762	      80	     287	
1763	      80	     275	
1764	      80	     285	
1765	      80	     269	
1766	      80	     252	
1767	      80	     281	
1768	      80	     258	
1769	      80	     261	
1770	      80	     261	
1771	      80	     239	
1772	      80	     248	
1773	      80	     251	
1774	      80	     266	
1775	      80	     248	
1776	      80	     252	
1777	      80	     259	
1778	      80	     243	
1779	      80	     250	
1780	      80	     268	
1781	      80	     272	
1782	      80	     246	
1783	      80	     269	
1784	      80	     244	
1785	      80	     254	
1786	      80	     267	
1787	      80	     251	
1788	      80	     250	
1789	      80	     248	
1790	      80	     254	
1791	      80	     262	
1792	      80	     254	
1793	      80	     251	
1794	      80	     261	
1795	      80	     268	
1796	      80	     244	
1797	      80	     245	
1798	      80	     262	
1799	      80	     255	
1800	      80	     247	
1801	      80	     259	
1802	      80	     265	
1803	      80	     239	
1804	      80	     274	
1805	      80	     247	
1806	      80	     258	
1807	      80	     249	
1808	      80	     241	
1809	      80	     253	
1810	      80	     268	
1811	      80	     268	
1812	      80	     270	
1813	      80	     259	
1814	      80	     256	
1815	      80	     263	
1816	      80	     257	
1817	      80	     251	
1818	      80	     283	
1819	      80	     250	
1820	      80	     236	
1821	      80	     260	
1822	      80	     249	
1823	      80	     253	
1824	      84	     260	
1825	      84	     244	
1826	      84	     252	
1827	      84	     258	
1828	      84	     276	
1829	      84	     271	
1830	      84	     253	
1831	      84	     260	
1832	      84	     250	
1833	      84	     270	
1834	      84	     254	
1835	      84	     262	
1836	      84	     259	
1837	      84	     262	
1838	      84	     272	
1839	      84	     254	
1840	      84	     258	
1841	      84	     266	
1842	      84	     278	
1843	      84	     249	
1844	      84	     248	
1845	      84	     273	
1846	      84	     249	
1847	      84	     255	
1848	      84	     240	
1849	      84	     260	
1850	      84	     256	
1851	      84	     264	
1852	      84	     241	
1853	      84	     266	
1854	      84	     280	
1855	      84	     247	
1856	      84	     260	
1857	      84	     254	
1858	      84	     276	
1859	      84	     270	
1860	      84	     253	
1861	      84	     251	
1862	      84	     255	
1863	      84	     256	
1864	      84	     245	
1865	      84	     245	
1866	      84	     249	
1867	      84	     279	
1868	      84	     259	
1869	      84	     261	
1870	      84	     255	
1871	      84	     261	
1872	      84	     250	
1873	      84	     232	
1874	      84	     258	
1875	      84	     254	
1876	      84	     249	
1877	      84	     242	
1878	      84	     262	
1879	      84	     263	
1880	      84	     259	
1881	      84	     249	
1882	      84	     241	
1883	      84	     255	
1884	      84	     266	
1885	      84	     257	
1886	      84	     257	
1887	      84	     262	
1888	      84	     251	
1889	      84	     263	
1890	      84	     248	
1891	      84	     270	
1892	      84	     249	
1893	      84	     246	
1894	      84	     272	
1895	      84	     274	
1896	      84	     248	
1897	      84	     256	
1898	      84	     254	
1899	      84	     269	
1900	      84	     250	
1901	      84	     256	
1902	      84	     282	
1903	      84	     269	
1904	      84	     245	
1905	      84	     250	
1906	      84	     245	
1907	      84	     250	
1908	      84	     275	
1909	      84	     256	
1910	      84	     261	
1911	      84	     237	
1912	      84	     267	
1913	      84	     236	
1914	      84	     267	
1915	      84	     267	
1916	      84	     261	
1917	      84	     262	
1918	      84	     245	
1919	      84	     250	
1920	      84	     260	
1921	      84	     258	
1922	      84	     248	
1923	      88	     246	
1924	      88	     258	
1925	      88	     235	
1926	      88	     264	
1927	      88	     249	
1928	      88	     271	
1929	      88	     257	
1930	      88	     269	
1931	      88	     264	
1932	      88	     266	
1933	      88	     286	
1934	      88	     251	
1935	      88	     276	
1936	      88	     247	
1937	      88	     263	
1938	      88	     259	
1939	      88	     245	
1940	      88	     266	
1941	      88	     256	
1942	      88	     275	
1943	      88	     253	
1944	      88	     240	
1945	      88	     240	
1946	      88	     254	
1947	      88	     253	
1948	      88	     254	
1949	      88	     259	
1950	      88	     248	
1951	      88	     257	
1952	      88	     270	
1953	      88	     237	
1954	      88	     252	
1955	      88	     242	
1956	      88	     256	
1957	      88	     258	
1958	      88	     253	
1959	      88	     250	
1960	      88	     266	
1961	      88	     272	
1962	      88	     276	
1963	      88	     243	
1964	      88	     249	
1965	      88	     247	
1966	      88	     270	
1967	      88	     248	
1968	      88	     246	
1969	      88	     256	
1970	      88	     269	
1971	      88	     247	
1972	      88	     253	
1973	      88	     262	
1974	      88	     248	
1975	      88	     256	
1976	      88	     252	
1977	      88	     259	
1978	      88	     249	
1979	      88	     260	
1980	      88	     254	
1981	      88	     254	
1982	      88	     239	
1983	      88	     275	
1984	      88	     257	
1985	      88	     247	
1986	      88	     241	
1987	      88	     261	
1988	      88	     258	
1989	      88	     243	
1990	      88	     248	
1991	      88	     249	
1992	      88	     243	
1993	      88	     251	
1994	      88	     257	
1995	      88	     265	
1996	      88	     259	
1997	      88	     247	
1998	      88	     259	
1999	      88	     250	
2000	      88	     231	
2001	      88	     264	
2002	      88	     263	
2003	      88	     247	
2004	      88	     244	
2005	      88	     254	
2006	      88	     259	
2007	      88	     261	
2008	      88	     254	
2009	      88	     240	
2010	      88	     245	
2011	      88	     265	
2012	      88	     253	
2013	      88	     242	
2014	      88	     247	
2015	      88	     239	
2016	      88	     260	
2017	      88	     256	
2018	      88	     276	
2019	      88	     248	
2020	      88	     250	
2021	      88	     247	
2022	      92	     250	
2023	      92	     280	
2024	      92	     254	
2025	      92	     256	
2026	      92	     262	
2027	      92	     272	
2028	      92	     247	
2029	      92	     263	
2030	      92	     265	
2031	      92	     232	
2032	      92	     242	
2033	      92	     275	
2034	      92	     259	
2035	      92	     236	
2036	      92	     269	
2037	      92	     263	
2038	      92	     253	
2039	      92	     260	
2040	      92	     238	
2041	      92	     265	
2042	      92	     268	
2043	      92	     240	
2044	      92	     247	
2045	      92	     271	
2046	      92	     272	
2047	      92	     254	
2048	      92	     247	
2049	      92	     288	
2050	      92	     248	
2051	      92	     271	
2052	      92	     250	
2053	      92	     260	
2054	      92	     238	
2055	      92	     255	
2056	      92	     251	
2057	      92	     261	
2058	      92	     269	
2059	      92	     270	
2060	      92	     242	
2061	      92	     268	
2062	      92	     266	
2063	      92	     257	
2064	      92	     251	
2065	      92	     262	
2066	      92	     258	
2067	      92	     248	
2068	      92	     254	
2069	      92	     258	
2070	      92	     230	
2071	      92	     275	
2072	      92	     270	
2073	      92	     266	
2074	      92	     249	
2075	      92	     250	
2076	      92	     237	
2077	      92	     253	
2078	      92	     262	
2079	      92	     271	
2080	      92	     257	
2081	      92	     254	
2082	      92	     240	
2083	      92	     253	
2084	      92	     262	
2085	      92	     260	
2086	      92	     280	
2087	      92	     254	
2088	      92	     241	
2089	      92	     239	
2090	      92	     254	
2091	      92	     260	
2092	      92	     271	
2093	      92	     246	
2094	      92	     251	
2095	      92	     249	
2096	      92	     260	
2097	      92	     243	
2098	      92	     270	
2099	      92	     249	
2100	      92	     259	
2101	      92	     251	
2102	      92	     246	
2103	      92	     248	
2104	      92	     257	
2105	      92	     260	
2106	      92	     280	
2107	      92	     255	
2108	      92	     267	
2109	      92	     264	
2110	      92	     255	
2111	      92	     255	
2112	      92	     240	
2113	      92	     261	
2114	      92	     257	
2115	      92	     251	
2116	      92	     234	
2117	      92	     254	
2118	      92	     257	
2119	      92	     269	
2120	      92	     248	
2121	      96	     249	
2122	      96	     246	
2123	      96	     244	
2124	      96	     264	
2125	      96	     254	
2126	      96	     255	
2127	      96	     258	
2128	      96	     252	
2129	      96	     256	
2130	      96	     263	
2131	      96	     223	
2132	      96	     253	
2133	      96	     249	
2134	      96	     255	
2135	      96	     267	
2136	      96	     269	
2137	      96	     242	
2138	      96	     245	
2139	      96	     252	
2140	      96	     255	
2141	      96	     250	
2142	      96	     252	
2143	      96	     253	
2144	      96	     223	
2145	      96	     247	
2146	      96	     255	
2147	      96	     235	
2148	      96	     258	
2149	      96	     245	
2150	      96	     264	
2151	      96	     255	
2152	      96	     242	
2153	      96	     253	
2154	      96	     269	
2155	      96	     269	
2156	      96	     249	
2157	      96	     246	
2158	      96	     262	
2159	      96	     275	
2160	      96	     261	
2161	      96	     256	
2162	      96	     256	
2163	      96	     256	
2164	      96	     271	
2165	      96	     255	
2166	      96	     257	
2167	      96	     259	
2168	      96	     262	
2169	      96	     260	
2170	      96	     253	
2171	      96	     269	
2172	      96	     260	
2173	      96	     267	
2174	      96	     236	
2175	      96	     278	
2176	      96	     273	
2177	      96	     263	
2178	      96	     256	
2179	      96	     244	
2180	      96	     274	
2181	      96	     263	
2182	      96	     258	
2183	      96	     266	
2184	      96	     244	
2185	      96	     258	
2186	      96	     256	
2187	      96	     247	
2188	      96	     261	
2189	      96	     252	
2190	      96	     265	
2191	      96	     246	
2192	      96	     254	
2193	      96	     251	
2194	      96	     261	
2195	      96	     261	
2196	      96	     269	
2197	      96	     248	
2198	      96	     256	
2199	      96	     268	
2200	      96	     259	
2201	      96	     244	
2202	      96	     249	
2203	      96	     248	
2204	      96	     246	
2205	      96	     264	
2206	      96	     257	
2207	      96	     255	
2208	      96	     242	
2209	      96	     243	
2210	      96	     268	
2211	      96	     243	
2212	      96	     263	
2213	      96	     270	
2214	      96	     258	
2215	      96	     262	
2216	      96	     270	
2217	      96	     266	
2218	      96	     251	
2219	      96	     242	
2220	     100	     254	
2221	     100	     254	
2222	     100	     267	
2223	     100	     243	
2224	     100	     243	
2225	     100	     251	
2226	     100	     271	
2227	     100	     247	
2228	     100	     250	
2229	     100	     259	
2230	     100	     259	
2231	     100	     277	
2232	     100	     262	
2233	     100	     261	
2234	     100	     250	
2235	     100	     282	
2236	     100	     272	
2237	     100	     257	
2238	     100	     251	
2239	     100	     255	
2240	     100	     267	
2241	     100	     252	
2242	     100	     263	
2243	     100	     258	
2244	     100	     250	
2245	     100	     250	
2246	     100	     223	
2247	     100	     263	
2248	     100	     234	
2249	     100	     245	
2250	     100	     251	
2251	     100	     272	
2252	     100	     257	
2253	     100	     234	
2254	     100	     252	
2255	     100	     275	
2256	     100	     245	
2257	     100	     251	
2258	     100	     254	
2259	     100	     249	
2260	     100	     244	
2261	     100	     259	
2262	     100	     247	
2263	     100	     249	
2264	     100	     267	
2265	     100	     252	
2266	     100	     250	
2267	     100	     250	
2268	     100	     251	
2269	     100	     256	
2270	     100	     250	
2271	     100	     253	
2272	     100	     249	
2273	     100	     256	
2274	     100	     267	
2275	     100	     253	
2276	     100	     243	
2277	     100	     250	
2278	     100	     262	
2279	     100	     247	
2280	     100	     254	
2281	     100	     258	
2282	     100	     243	
2283	     100	     270	
2284	     100	     267	
2285	     100	     262	
2286	     100	     254	
2287	     100	     234	
2288	     100	     261	
2289	     100	     254	
2290	     100	     246	
2291	     100	     281	
2292	     100	     259	
2293	     100	     264	
2294	     100	     239	
2295	     100	     258	
2296	     100	     250	
2297	     100	     264	
2298	     100	     267	
2299	     100	     257	
2300	     100	     264	
2301	     100	     256	
2302	     100	     243	
2303	     100	     233	
2304	     100	     272	
2305	     100	     261	
2306	     100	     272	
2307	     100	     276	
2308	     100	     271	
2309	     100	     250	
2310	     100	     255	
2311	     100	     259	
2312	     100	     259	
2313	     100	     262	
2314	     100	     244	
2315	     100	     263	
2316	     100	     251	
2317	     100	     260	
2318	     100	     242	
total(#)	average(%)	bit_stat(%)
    2318	  49.981	  49.741   49.914   49.612   49.396   52.028   50.000   49.439   49.008   50.431   49.094   50.949   50.086   49.914   49.353   49.655   50.000   50.129   51.079   48.059   50.475   51.596   48.663   51.639   49.180   50.216   51.467   50.690   50.173   50.259   50.302   49.310   47.886   51.035   50.690   51.984   51.510   48.878   49.914   50.302   50.345   49.396   49.698   50.086   49.957   50.345   50.475   49.439   50.388   48.231   48.878   48.490   50.949   51.122   50.647   50.475   50.475   49.784   48.921   50.777   49.827   48.102   50.820   47.714   50.647   50.561   48.361   50.173   49.569   50.992   49.353   49.698   50.906   49.698   51.639   49.094   51.467   48.490   50.302   50.043   48.965   49.655   51.424   50.561   48.878   50.475   48.318   47.714   51.467   49.525   50.949   50.777   50.259   50.259   52.847   49.094   51.424   48.533   50.431   49.310   50.949   50.992   48.921   51.769   49.957   51.035   51.381   50.604   52.114   51.208   48.792   48.619   51.337   50.302   49.698   49.914   48.619   49.051   48.619   49.741   50.863   50.518   50.906   50.129   51.337   50.949   49.180   48.576   49.525   49.094   50.431   49.439   51.381   51.251   49.223   51.208   52.286   51.682   47.714   51.812   50.388   50.863   50.129   51.812   49.094   50.647   51.424   48.619   48.361   49.612   51.984   49.957   50.043   50.345   47.972   52.200   50.518   49.008   49.957   49.871   48.404   49.569   51.381   50.345   50.302   50.043   48.318   50.129   48.835   49.569   51.898   49.439   49.741   50.388   48.361   50.475   51.035   51.079   49.525   48.792   49.396   50.388   50.173   48.965   48.619   49.569   49.957   49.612   50.949   48.835   49.223   50.129   49.741   51.984   49.267   50.518   49.612   50.777   49.957   51.035   52.200   50.302   50.043   46.592   48.361   51.208   49.827   50.388   50.216   50.129   51.769   48.921   50.777   49.008   52.028   50.345   49.396   49.871   51.682   50.949   49.569   50.647   48.576   50.431   49.353   48.619   50.690   48.404   49.569   50.259   50.259   47.843   50.173   49.482   48.878   48.576   49.698   48.921   48.490   49.310   49.223   50.129   49.871   50.733   48.619   49.525   50.173   50.086   49.612   49.784   50.777   50.345   49.008   51.510   50.302   50.388   48.921   49.612   50.733   50.690   51.079   50.345   50.604   51.035   50.475   49.569   50.173   49.353   49.008   49.914   50.431   51.079   49.223   49.180   48.274   51.898   50.561   51.122   49.439   51.596   49.137   46.678   50.992   50.302   48.921   48.749   50.216   51.553   49.655   51.251   49.267   51.510   49.612   50.000   50.475   49.310   49.180   50.777   51.035   49.525   50.777   49.094   50.604   49.827   49.784   49.569   49.612   49.051   50.259   51.984   50.992   49.094   49.957   49.439   50.431   51.424   49.569   51.208   49.914   47.843   50.173   50.690   51.467   48.663   50.475   48.663   49.827   48.663   49.827   48.965   50.043   50.690   49.871   48.533   48.059   49.267   49.784   51.294   46.376   48.404   49.439   50.777   49.914   49.784   49.267   51.294   50.561   50.086   50.992   50.302   51.769   48.835   50.086   49.267   51.294   50.000   47.886   49.698   49.051   48.921   49.741   49.008   50.777   50.475   49.957   48.749   49.353   51.984   49.396   50.733   50.518   50.302   49.525   51.251   52.330   51.337   50.259   50.604   51.596   49.353   49.094   49.267   50.345   50.906   49.482   49.008   49.655   48.533   50.302   49.741   50.043   50.259   49.439   51.337   49.267   49.957   49.353   51.251   50.906   48.102   49.914   51.208   48.878   50.259   50.518   51.381   49.612   48.965   49.353   48.878   47.800   50.216   49.267   49.957   49.525   49.482   50.086   51.596   49.525   47.843   49.827   49.698   50.604   49.180   50.043   51.639   49.525   50.216   50.518   49.310   49.310   50.820   51.682   48.059   48.663   49.784   50.043   50.604   50.475   48.576   48.447   48.059   50.733   51.510   50.431   50.043   47.110   50.302   51.424   51.165   51.424   50.906   51.079   52.200   48.361   49.353   51.769   49.698   49.569   51.079   49.871   51.467   50.086   51.467   50.000   50.302   49.569   49.871   48.878   50.086   50.086   50.431   50.216   49.396   49.137   49.698   49.482   51.510   49.525   50.173   51.381   48.965   49.784   48.921   51.467   48.447   49.223   48.792   47.800   50.216   48.792   49.957   51.381   51.424   51.294   50.949   49.482   49.569   51.510   49.871   50.949   49.957   48.921   49.396   49.008   49.137   48.059   49.569   50.949   49.353   48.533   51.079   48.447 
hash_len(bits)	rounds
     512	    24
